<?xml version="1.0" encoding="UTF-8"?>
<!-- Generated by org.testng.reporters.JUnitXMLReporter -->
<testsuite hostname="DMI-LAPTOP3" name="Login 03" tests="1" failures="1" timestamp="8 Sep 2015 08:53:29 GMT" time="0.005" errors="0">
  <testcase name="@BeforeTest checkTestSkip" time="0.0" classname="com.Demo.TestSuite.Login_03">
    <skipped/>
  </testcase> <!-- @BeforeTest checkTestSkip -->
  <testcase name="@AfterTest reportTestResult" time="0.0" classname="com.Demo.TestSuite.Login_03">
    <skipped/>
  </testcase> <!-- @AfterTest reportTestResult -->
  <testcase name="login02" time="0.001" classname="com.Demo.TestSuite.Login_03">
    <failure type="java.lang.Error" message="Unresolved compilation problem: 
">
      <![CDATA[java.lang.Error: Unresolved compilation problem: 

	at com.Demo.Util.ErrorUtil.getVerificationFailures(ErrorUtil.java:21)
	at com.Demo.Listener.TestsListenerAdapter.afterInvocation(TestsListenerAdapter.java:19)
... Removed 23 stack frames]]>
    </failure>
  </testcase> <!-- login02 -->
</testsuite> <!-- Login 03 -->
