<?xml version="1.0" encoding="UTF-8"?>
<!-- Generated by org.testng.reporters.JUnitXMLReporter -->
<testsuite hostname="DMI-LAPTOP3" name="Login 04" tests="1" failures="1" timestamp="8 Sep 2015 08:53:47 GMT" time="18.476" errors="0">
  <testcase name="login04" time="17.775" classname="com.Demo.TestSuite.Login_04">
    <failure type="java.lang.Error" message="Unresolved compilation problem: 
">
      <![CDATA[java.lang.Error: Unresolved compilation problem: 

	at com.Demo.Util.ErrorUtil.getVerificationFailures(ErrorUtil.java:21)
	at com.Demo.Listener.TestsListenerAdapter.afterInvocation(TestsListenerAdapter.java:19)
... Removed 23 stack frames]]>
    </failure>
  </testcase> <!-- login04 -->
</testsuite> <!-- Login 04 -->
