<?xml version="1.0" encoding="UTF-8"?>
<!-- Generated by org.testng.reporters.JUnitXMLReporter -->
<testsuite hostname="DMI-LAPTOP3" name="TestCase 09" tests="1" failures="0" timestamp="2 Oct 2015 13:44:15 GMT" time="0.015" errors="0">
  <testcase name="@BeforeTest checkTestSkip" time="0.0" classname="com.Demo.TestSuite.TestCase_09">
    <skipped/>
  </testcase> <!-- @BeforeTest checkTestSkip -->
  <testcase name="@AfterMethod reportDataSetResult" time="0.0" classname="com.Demo.TestSuite.TestCase_09">
    <skipped/>
  </testcase> <!-- @AfterMethod reportDataSetResult -->
  <testcase name="@AfterTest reportTestResult" time="0.0" classname="com.Demo.TestSuite.TestCase_09">
    <skipped/>
  </testcase> <!-- @AfterTest reportTestResult -->
  <testcase name="TestCase09" time="0.001" classname="com.Demo.TestSuite.TestCase_09">
    <skipped/>
  </testcase> <!-- TestCase09 -->
</testsuite> <!-- TestCase 09 -->
